[2025-09-19 17:31:31,498: INFO: common: yaml file: config\config.yaml loaded successfully]
[2025-09-19 17:31:31,521: INFO: common: yaml file: params.yaml loaded successfully]
[2025-09-19 17:31:31,523: INFO: common: created directory at: artifacts]
[2025-09-19 17:38:41,874: INFO: common: yaml file: config\config.yaml loaded successfully]
[2025-09-19 17:38:41,879: INFO: common: yaml file: params.yaml loaded successfully]
[2025-09-19 17:38:41,882: INFO: common: created directory at: artifacts]
[2025-09-19 18:19:27,672: INFO: main: stage Data Ingestion stage initiated]
[2025-09-19 18:19:27,681: INFO: common: yaml file: config\config.yaml loaded successfully]
[2025-09-19 18:19:27,684: INFO: common: yaml file: params.yaml loaded successfully]
[2025-09-19 18:19:27,695: INFO: common: created directory at: artifacts]
[2025-09-19 18:19:28,221: INFO: main: stage Data Ingestion stage Completed]
[2025-09-20 00:03:49,482: INFO: common: yaml file: config\config.yaml loaded successfully]
[2025-09-20 00:03:49,486: INFO: common: yaml file: params.yaml loaded successfully]
[2025-09-20 00:03:49,491: INFO: common: created directory at: artifacts]
[2025-09-20 00:03:49,495: INFO: common: created directory at: artifacts/data_transformation]
[2025-09-20 15:33:08,878: INFO: main: stage Data Ingestion stage initiated]
[2025-09-20 15:33:08,900: INFO: common: yaml file: config\config.yaml loaded successfully]
[2025-09-20 15:33:08,917: INFO: common: yaml file: params.yaml loaded successfully]
[2025-09-20 15:33:08,918: INFO: common: created directory at: artifacts]
[2025-09-20 15:33:09,242: INFO: main: stage Data Ingestion stage Completed]
[2025-09-20 15:33:09,242: INFO: main: stage Data Transformation stage initiated]
[2025-09-20 15:33:09,245: INFO: common: yaml file: config\config.yaml loaded successfully]
[2025-09-20 15:33:09,247: INFO: common: yaml file: params.yaml loaded successfully]
[2025-09-20 15:33:09,248: INFO: common: created directory at: artifacts]
[2025-09-20 15:33:09,249: INFO: common: created directory at: artifacts/data_transformation]
[2025-09-20 15:33:24,959: INFO: main: stage Data Transformation stage Completed]
[2025-09-20 15:54:59,910: INFO: common: yaml file: config\config.yaml loaded successfully]
[2025-09-20 15:54:59,923: INFO: common: yaml file: params.yaml loaded successfully]
[2025-09-20 15:54:59,927: INFO: common: created directory at: artifacts]
[2025-09-20 15:54:59,931: INFO: common: created directory at: artifacts/model_trainer]
[2025-09-20 15:55:05,831: WARNING: file_download: Xet Storage is enabled for this repo, but the 'hf_xet' package is not installed. Falling back to regular HTTP download. For better performance, install the package with: `pip install huggingface_hub[hf_xet]` or `pip install hf_xet`]
[2025-09-20 16:04:34,466: INFO: common: yaml file: config\config.yaml loaded successfully]
[2025-09-20 16:04:34,500: INFO: common: yaml file: params.yaml loaded successfully]
[2025-09-20 16:04:34,508: INFO: common: created directory at: artifacts]
[2025-09-20 16:04:34,518: INFO: common: created directory at: artifacts/model_trainer]
[2025-09-20 16:04:40,363: WARNING: file_download: Xet Storage is enabled for this repo, but the 'hf_xet' package is not installed. Falling back to regular HTTP download. For better performance, install the package with: `pip install huggingface_hub[hf_xet]` or `pip install hf_xet`]
[2025-09-20 16:12:01,697: WARNING: file_download: Xet Storage is enabled for this repo, but the 'hf_xet' package is not installed. Falling back to regular HTTP download. For better performance, install the package with: `pip install huggingface_hub[hf_xet]` or `pip install hf_xet`]
[2025-09-20 16:23:41,828: INFO: common: yaml file: config\config.yaml loaded successfully]
[2025-09-20 16:23:41,853: INFO: common: yaml file: params.yaml loaded successfully]
[2025-09-20 16:23:41,857: INFO: common: created directory at: artifacts]
[2025-09-20 16:23:41,860: INFO: common: created directory at: artifacts/model_trainer]
